<?xml version="1.0" encoding="UTF-8"?>
<testsuite xmlns:xsi="http://www.w3.org/2001/XMLSchema-instance" xsi:noNamespaceSchemaLocation="https://maven.apache.org/surefire/maven-surefire-plugin/xsd/surefire-test-report-3.0.xsd" version="3.0" name="com.codingkiddo.persistence_modules.AppTest" time="0.013" tests="1" errors="0" skipped="0" failures="0">
  <properties>
    <property name="java.specification.version" value="21"/>
    <property name="sun.jnu.encoding" value="UTF-8"/>
    <property name="java.class.path" value="/Users/vinodkumar/Documents/Technologies/SpringBoot/spring-ai-modules/target/test-classes:/Users/vinodkumar/Documents/Technologies/SpringBoot/spring-ai-modules/target/classes:/Users/vinodkumar/.m2/repository/org/springframework/ai/spring-ai-starter-model-anthropic/1.0.0/spring-ai-starter-model-anthropic-1.0.0.jar:/Users/vinodkumar/.m2/repository/org/springframework/boot/spring-boot-starter/3.3.2/spring-boot-starter-3.3.2.jar:/Users/vinodkumar/.m2/repository/org/springframework/boot/spring-boot-autoconfigure/3.3.2/spring-boot-autoconfigure-3.3.2.jar:/Users/vinodkumar/.m2/repository/org/springframework/boot/spring-boot-starter-logging/3.3.2/spring-boot-starter-logging-3.3.2.jar:/Users/vinodkumar/.m2/repository/ch/qos/logback/logback-classic/1.5.6/logback-classic-1.5.6.jar:/Users/vinodkumar/.m2/repository/ch/qos/logback/logback-core/1.5.6/logback-core-1.5.6.jar:/Users/vinodkumar/.m2/repository/org/apache/logging/log4j/log4j-to-slf4j/2.23.1/log4j-to-slf4j-2.23.1.jar:/Users/vinodkumar/.m2/repository/org/apache/logging/log4j/log4j-api/2.23.1/log4j-api-2.23.1.jar:/Users/vinodkumar/.m2/repository/org/slf4j/jul-to-slf4j/2.0.13/jul-to-slf4j-2.0.13.jar:/Users/vinodkumar/.m2/repository/jakarta/annotation/jakarta.annotation-api/2.1.1/jakarta.annotation-api-2.1.1.jar:/Users/vinodkumar/.m2/repository/org/yaml/snakeyaml/2.2/snakeyaml-2.2.jar:/Users/vinodkumar/.m2/repository/org/springframework/ai/spring-ai-autoconfigure-model-anthropic/1.0.0/spring-ai-autoconfigure-model-anthropic-1.0.0.jar:/Users/vinodkumar/.m2/repository/org/springframework/ai/spring-ai-autoconfigure-model-tool/1.0.0/spring-ai-autoconfigure-model-tool-1.0.0.jar:/Users/vinodkumar/.m2/repository/org/springframework/ai/spring-ai-autoconfigure-retry/1.0.0/spring-ai-autoconfigure-retry-1.0.0.jar:/Users/vinodkumar/.m2/repository/org/springframework/ai/spring-ai-autoconfigure-model-chat-observation/1.0.0/spring-ai-autoconfigure-model-chat-observation-1.0.0.jar:/Users/vinodkumar/.m2/repository/org/springframework/ai/spring-ai-anthropic/1.0.0-M6/spring-ai-anthropic-1.0.0-M6.jar:/Users/vinodkumar/.m2/repository/org/springframework/ai/spring-ai-retry/1.0.0-M6/spring-ai-retry-1.0.0-M6.jar:/Users/vinodkumar/.m2/repository/org/springframework/retry/spring-retry/2.0.7/spring-retry-2.0.7.jar:/Users/vinodkumar/.m2/repository/io/rest-assured/json-path/5.4.0/json-path-5.4.0.jar:/Users/vinodkumar/.m2/repository/org/apache/groovy/groovy-json/4.0.22/groovy-json-4.0.22.jar:/Users/vinodkumar/.m2/repository/org/apache/groovy/groovy/4.0.22/groovy-4.0.22.jar:/Users/vinodkumar/.m2/repository/io/rest-assured/rest-assured-common/5.4.0/rest-assured-common-5.4.0.jar:/Users/vinodkumar/.m2/repository/org/apache/commons/commons-lang3/3.14.0/commons-lang3-3.14.0.jar:/Users/vinodkumar/.m2/repository/com/github/victools/jsonschema-generator/4.37.0/jsonschema-generator-4.37.0.jar:/Users/vinodkumar/.m2/repository/com/github/victools/jsonschema-module-jackson/4.37.0/jsonschema-module-jackson-4.37.0.jar:/Users/vinodkumar/.m2/repository/org/springframework/spring-context-support/6.1.11/spring-context-support-6.1.11.jar:/Users/vinodkumar/.m2/repository/org/slf4j/slf4j-api/2.0.13/slf4j-api-2.0.13.jar:/Users/vinodkumar/.m2/repository/org/springframework/ai/spring-ai-autoconfigure-model-chat-client/1.0.0/spring-ai-autoconfigure-model-chat-client-1.0.0.jar:/Users/vinodkumar/.m2/repository/org/springframework/ai/spring-ai-client-chat/1.0.0/spring-ai-client-chat-1.0.0.jar:/Users/vinodkumar/.m2/repository/org/springframework/ai/spring-ai-autoconfigure-model-chat-memory/1.0.0/spring-ai-autoconfigure-model-chat-memory-1.0.0.jar:/Users/vinodkumar/.m2/repository/org/springframework/ai/spring-ai-model/1.0.0/spring-ai-model-1.0.0.jar:/Users/vinodkumar/.m2/repository/org/springframework/ai/spring-ai-commons/1.0.0/spring-ai-commons-1.0.0.jar:/Users/vinodkumar/.m2/repository/org/springframework/ai/spring-ai-template-st/1.0.0/spring-ai-template-st-1.0.0.jar:/Users/vinodkumar/.m2/repository/org/springframework/ai/spring-ai-ollama-spring-boot-starter/1.0.0-M6/spring-ai-ollama-spring-boot-starter-1.0.0-M6.jar:/Users/vinodkumar/.m2/repository/org/springframework/ai/spring-ai-spring-boot-autoconfigure/1.0.0-M6/spring-ai-spring-boot-autoconfigure-1.0.0-M6.jar:/Users/vinodkumar/.m2/repository/org/springframework/ai/spring-ai-ollama/1.0.0-M6/spring-ai-ollama-1.0.0-M6.jar:/Users/vinodkumar/.m2/repository/com/fasterxml/jackson/datatype/jackson-datatype-jsr310/2.17.2/jackson-datatype-jsr310-2.17.2.jar:/Users/vinodkumar/.m2/repository/org/springframework/boot/spring-boot-starter-web/3.3.2/spring-boot-starter-web-3.3.2.jar:/Users/vinodkumar/.m2/repository/org/springframework/boot/spring-boot-starter-json/3.3.2/spring-boot-starter-json-3.3.2.jar:/Users/vinodkumar/.m2/repository/com/fasterxml/jackson/datatype/jackson-datatype-jdk8/2.17.2/jackson-datatype-jdk8-2.17.2.jar:/Users/vinodkumar/.m2/repository/org/springframework/boot/spring-boot-starter-tomcat/3.3.2/spring-boot-starter-tomcat-3.3.2.jar:/Users/vinodkumar/.m2/repository/org/apache/tomcat/embed/tomcat-embed-core/10.1.26/tomcat-embed-core-10.1.26.jar:/Users/vinodkumar/.m2/repository/org/apache/tomcat/embed/tomcat-embed-el/10.1.26/tomcat-embed-el-10.1.26.jar:/Users/vinodkumar/.m2/repository/org/apache/tomcat/embed/tomcat-embed-websocket/10.1.26/tomcat-embed-websocket-10.1.26.jar:/Users/vinodkumar/.m2/repository/org/springframework/spring-web/6.1.11/spring-web-6.1.11.jar:/Users/vinodkumar/.m2/repository/org/springframework/spring-beans/6.1.11/spring-beans-6.1.11.jar:/Users/vinodkumar/.m2/repository/io/micrometer/micrometer-observation/1.13.2/micrometer-observation-1.13.2.jar:/Users/vinodkumar/.m2/repository/io/micrometer/micrometer-commons/1.13.2/micrometer-commons-1.13.2.jar:/Users/vinodkumar/.m2/repository/org/springframework/spring-webmvc/6.1.11/spring-webmvc-6.1.11.jar:/Users/vinodkumar/.m2/repository/org/springframework/spring-aop/6.1.11/spring-aop-6.1.11.jar:/Users/vinodkumar/.m2/repository/org/springframework/spring-context/6.1.11/spring-context-6.1.11.jar:/Users/vinodkumar/.m2/repository/org/springframework/spring-expression/6.1.11/spring-expression-6.1.11.jar:/Users/vinodkumar/.m2/repository/org/springframework/ai/spring-ai-markdown-document-reader/1.0.0-M6/spring-ai-markdown-document-reader-1.0.0-M6.jar:/Users/vinodkumar/.m2/repository/org/springframework/ai/spring-ai-core/1.0.0-M6/spring-ai-core-1.0.0-M6.jar:/Users/vinodkumar/.m2/repository/com/fasterxml/jackson/module/jackson-module-jsonSchema/2.17.2/jackson-module-jsonSchema-2.17.2.jar:/Users/vinodkumar/.m2/repository/javax/validation/validation-api/1.1.0.Final/validation-api-1.1.0.Final.jar:/Users/vinodkumar/.m2/repository/io/swagger/core/v3/swagger-annotations/2.2.25/swagger-annotations-2.2.25.jar:/Users/vinodkumar/.m2/repository/com/github/victools/jsonschema-module-swagger-2/4.37.0/jsonschema-module-swagger-2-4.37.0.jar:/Users/vinodkumar/.m2/repository/org/antlr/ST4/4.3.4/ST4-4.3.4.jar:/Users/vinodkumar/.m2/repository/org/antlr/antlr-runtime/3.5.3/antlr-runtime-3.5.3.jar:/Users/vinodkumar/.m2/repository/org/antlr/antlr4-runtime/4.13.1/antlr4-runtime-4.13.1.jar:/Users/vinodkumar/.m2/repository/io/projectreactor/reactor-core/3.6.8/reactor-core-3.6.8.jar:/Users/vinodkumar/.m2/repository/org/reactivestreams/reactive-streams/1.0.4/reactive-streams-1.0.4.jar:/Users/vinodkumar/.m2/repository/org/springframework/spring-messaging/6.1.11/spring-messaging-6.1.11.jar:/Users/vinodkumar/.m2/repository/io/micrometer/micrometer-core/1.13.2/micrometer-core-1.13.2.jar:/Users/vinodkumar/.m2/repository/org/hdrhistogram/HdrHistogram/2.2.2/HdrHistogram-2.2.2.jar:/Users/vinodkumar/.m2/repository/org/latencyutils/LatencyUtils/2.0.3/LatencyUtils-2.0.3.jar:/Users/vinodkumar/.m2/repository/io/micrometer/context-propagation/1.1.1/context-propagation-1.1.1.jar:/Users/vinodkumar/.m2/repository/com/knuddels/jtokkit/1.1.0/jtokkit-1.1.0.jar:/Users/vinodkumar/.m2/repository/org/commonmark/commonmark/0.22.0/commonmark-0.22.0.jar:/Users/vinodkumar/.m2/repository/org/springframework/ai/spring-ai-chroma-store-spring-boot-starter/1.0.0-M6/spring-ai-chroma-store-spring-boot-starter-1.0.0-M6.jar:/Users/vinodkumar/.m2/repository/org/springframework/ai/spring-ai-chroma-store/1.0.0-M6/spring-ai-chroma-store-1.0.0-M6.jar:/Users/vinodkumar/.m2/repository/org/springframework/spring-webflux/6.1.11/spring-webflux-6.1.11.jar:/Users/vinodkumar/.m2/repository/org/springframework/ai/spring-ai-anthropic-spring-boot-starter/1.0.0-M6/spring-ai-anthropic-spring-boot-starter-1.0.0-M6.jar:/Users/vinodkumar/.m2/repository/org/springframework/ai/spring-ai-bedrock-converse-spring-boot-starter/1.0.0-M6/spring-ai-bedrock-converse-spring-boot-starter-1.0.0-M6.jar:/Users/vinodkumar/.m2/repository/org/springframework/ai/spring-ai-bedrock-converse/1.0.0-M6/spring-ai-bedrock-converse-1.0.0-M6.jar:/Users/vinodkumar/.m2/repository/software/amazon/awssdk/bedrockruntime/2.29.29/bedrockruntime-2.29.29.jar:/Users/vinodkumar/.m2/repository/software/amazon/awssdk/protocol-core/2.29.29/protocol-core-2.29.29.jar:/Users/vinodkumar/.m2/repository/software/amazon/awssdk/aws-json-protocol/2.29.29/aws-json-protocol-2.29.29.jar:/Users/vinodkumar/.m2/repository/software/amazon/awssdk/third-party-jackson-core/2.29.29/third-party-jackson-core-2.29.29.jar:/Users/vinodkumar/.m2/repository/software/amazon/awssdk/http-auth-aws/2.29.29/http-auth-aws-2.29.29.jar:/Users/vinodkumar/.m2/repository/software/amazon/awssdk/checksums-spi/2.29.29/checksums-spi-2.29.29.jar:/Users/vinodkumar/.m2/repository/software/amazon/awssdk/checksums/2.29.29/checksums-2.29.29.jar:/Users/vinodkumar/.m2/repository/software/amazon/awssdk/sdk-core/2.29.29/sdk-core-2.29.29.jar:/Users/vinodkumar/.m2/repository/software/amazon/awssdk/retries/2.29.29/retries-2.29.29.jar:/Users/vinodkumar/.m2/repository/software/amazon/awssdk/auth/2.29.29/auth-2.29.29.jar:/Users/vinodkumar/.m2/repository/software/amazon/awssdk/http-auth-aws-eventstream/2.29.29/http-auth-aws-eventstream-2.29.29.jar:/Users/vinodkumar/.m2/repository/software/amazon/eventstream/eventstream/1.0.1/eventstream-1.0.1.jar:/Users/vinodkumar/.m2/repository/software/amazon/awssdk/http-auth-spi/2.29.29/http-auth-spi-2.29.29.jar:/Users/vinodkumar/.m2/repository/software/amazon/awssdk/http-auth/2.29.29/http-auth-2.29.29.jar:/Users/vinodkumar/.m2/repository/software/amazon/awssdk/identity-spi/2.29.29/identity-spi-2.29.29.jar:/Users/vinodkumar/.m2/repository/software/amazon/awssdk/http-client-spi/2.29.29/http-client-spi-2.29.29.jar:/Users/vinodkumar/.m2/repository/software/amazon/awssdk/regions/2.29.29/regions-2.29.29.jar:/Users/vinodkumar/.m2/repository/software/amazon/awssdk/annotations/2.29.29/annotations-2.29.29.jar:/Users/vinodkumar/.m2/repository/software/amazon/awssdk/utils/2.29.29/utils-2.29.29.jar:/Users/vinodkumar/.m2/repository/software/amazon/awssdk/aws-core/2.29.29/aws-core-2.29.29.jar:/Users/vinodkumar/.m2/repository/software/amazon/awssdk/metrics-spi/2.29.29/metrics-spi-2.29.29.jar:/Users/vinodkumar/.m2/repository/software/amazon/awssdk/json-utils/2.29.29/json-utils-2.29.29.jar:/Users/vinodkumar/.m2/repository/software/amazon/awssdk/endpoints-spi/2.29.29/endpoints-spi-2.29.29.jar:/Users/vinodkumar/.m2/repository/software/amazon/awssdk/retries-spi/2.29.29/retries-spi-2.29.29.jar:/Users/vinodkumar/.m2/repository/software/amazon/awssdk/apache-client/2.29.29/apache-client-2.29.29.jar:/Users/vinodkumar/.m2/repository/org/apache/httpcomponents/httpclient/4.5.13/httpclient-4.5.13.jar:/Users/vinodkumar/.m2/repository/org/apache/httpcomponents/httpcore/4.4.16/httpcore-4.4.16.jar:/Users/vinodkumar/.m2/repository/commons-codec/commons-codec/1.16.1/commons-codec-1.16.1.jar:/Users/vinodkumar/.m2/repository/software/amazon/awssdk/sts/2.29.29/sts-2.29.29.jar:/Users/vinodkumar/.m2/repository/software/amazon/awssdk/aws-query-protocol/2.29.29/aws-query-protocol-2.29.29.jar:/Users/vinodkumar/.m2/repository/software/amazon/awssdk/profiles/2.29.29/profiles-2.29.29.jar:/Users/vinodkumar/.m2/repository/software/amazon/awssdk/netty-nio-client/2.29.29/netty-nio-client-2.29.29.jar:/Users/vinodkumar/.m2/repository/io/netty/netty-codec-http/4.1.111.Final/netty-codec-http-4.1.111.Final.jar:/Users/vinodkumar/.m2/repository/io/netty/netty-codec-http2/4.1.111.Final/netty-codec-http2-4.1.111.Final.jar:/Users/vinodkumar/.m2/repository/io/netty/netty-codec/4.1.111.Final/netty-codec-4.1.111.Final.jar:/Users/vinodkumar/.m2/repository/io/netty/netty-transport/4.1.111.Final/netty-transport-4.1.111.Final.jar:/Users/vinodkumar/.m2/repository/io/netty/netty-common/4.1.111.Final/netty-common-4.1.111.Final.jar:/Users/vinodkumar/.m2/repository/io/netty/netty-buffer/4.1.111.Final/netty-buffer-4.1.111.Final.jar:/Users/vinodkumar/.m2/repository/io/netty/netty-handler/4.1.111.Final/netty-handler-4.1.111.Final.jar:/Users/vinodkumar/.m2/repository/io/netty/netty-transport-native-unix-common/4.1.111.Final/netty-transport-native-unix-common-4.1.111.Final.jar:/Users/vinodkumar/.m2/repository/io/netty/netty-transport-classes-epoll/4.1.111.Final/netty-transport-classes-epoll-4.1.111.Final.jar:/Users/vinodkumar/.m2/repository/io/netty/netty-resolver/4.1.111.Final/netty-resolver-4.1.111.Final.jar:/Users/vinodkumar/.m2/repository/org/springframework/boot/spring-boot-starter-data-jpa/3.3.2/spring-boot-starter-data-jpa-3.3.2.jar:/Users/vinodkumar/.m2/repository/org/springframework/boot/spring-boot-starter-aop/3.3.2/spring-boot-starter-aop-3.3.2.jar:/Users/vinodkumar/.m2/repository/org/aspectj/aspectjweaver/1.9.22.1/aspectjweaver-1.9.22.1.jar:/Users/vinodkumar/.m2/repository/org/springframework/boot/spring-boot-starter-jdbc/3.3.2/spring-boot-starter-jdbc-3.3.2.jar:/Users/vinodkumar/.m2/repository/com/zaxxer/HikariCP/5.1.0/HikariCP-5.1.0.jar:/Users/vinodkumar/.m2/repository/org/springframework/spring-jdbc/6.1.11/spring-jdbc-6.1.11.jar:/Users/vinodkumar/.m2/repository/org/hibernate/orm/hibernate-core/6.5.2.Final/hibernate-core-6.5.2.Final.jar:/Users/vinodkumar/.m2/repository/jakarta/persistence/jakarta.persistence-api/3.1.0/jakarta.persistence-api-3.1.0.jar:/Users/vinodkumar/.m2/repository/jakarta/transaction/jakarta.transaction-api/2.0.1/jakarta.transaction-api-2.0.1.jar:/Users/vinodkumar/.m2/repository/org/jboss/logging/jboss-logging/3.5.3.Final/jboss-logging-3.5.3.Final.jar:/Users/vinodkumar/.m2/repository/org/hibernate/common/hibernate-commons-annotations/6.0.6.Final/hibernate-commons-annotations-6.0.6.Final.jar:/Users/vinodkumar/.m2/repository/io/smallrye/jandex/3.1.2/jandex-3.1.2.jar:/Users/vinodkumar/.m2/repository/com/fasterxml/classmate/1.7.0/classmate-1.7.0.jar:/Users/vinodkumar/.m2/repository/net/bytebuddy/byte-buddy/1.14.18/byte-buddy-1.14.18.jar:/Users/vinodkumar/.m2/repository/org/glassfish/jaxb/jaxb-runtime/4.0.5/jaxb-runtime-4.0.5.jar:/Users/vinodkumar/.m2/repository/org/glassfish/jaxb/jaxb-core/4.0.5/jaxb-core-4.0.5.jar:/Users/vinodkumar/.m2/repository/org/eclipse/angus/angus-activation/2.0.2/angus-activation-2.0.2.jar:/Users/vinodkumar/.m2/repository/org/glassfish/jaxb/txw2/4.0.5/txw2-4.0.5.jar:/Users/vinodkumar/.m2/repository/com/sun/istack/istack-commons-runtime/4.1.2/istack-commons-runtime-4.1.2.jar:/Users/vinodkumar/.m2/repository/jakarta/inject/jakarta.inject-api/2.0.1/jakarta.inject-api-2.0.1.jar:/Users/vinodkumar/.m2/repository/org/springframework/data/spring-data-jpa/3.3.2/spring-data-jpa-3.3.2.jar:/Users/vinodkumar/.m2/repository/org/springframework/data/spring-data-commons/3.3.2/spring-data-commons-3.3.2.jar:/Users/vinodkumar/.m2/repository/org/springframework/spring-orm/6.1.11/spring-orm-6.1.11.jar:/Users/vinodkumar/.m2/repository/org/springframework/spring-tx/6.1.11/spring-tx-6.1.11.jar:/Users/vinodkumar/.m2/repository/org/springframework/spring-aspects/6.1.11/spring-aspects-6.1.11.jar:/Users/vinodkumar/.m2/repository/org/springframework/ai/spring-ai-openai-spring-boot-starter/1.0.0-M6/spring-ai-openai-spring-boot-starter-1.0.0-M6.jar:/Users/vinodkumar/.m2/repository/org/springframework/ai/spring-ai-openai/1.0.0-M6/spring-ai-openai-1.0.0-M6.jar:/Users/vinodkumar/.m2/repository/org/hsqldb/hsqldb/2.7.3/hsqldb-2.7.3.jar:/Users/vinodkumar/.m2/repository/org/springframework/ai/spring-ai-pgvector-store-spring-boot-starter/1.0.0-M6/spring-ai-pgvector-store-spring-boot-starter-1.0.0-M6.jar:/Users/vinodkumar/.m2/repository/org/springframework/ai/spring-ai-pgvector-store/1.0.0-M6/spring-ai-pgvector-store-1.0.0-M6.jar:/Users/vinodkumar/.m2/repository/org/postgresql/postgresql/42.7.3/postgresql-42.7.3.jar:/Users/vinodkumar/.m2/repository/org/checkerframework/checker-qual/3.42.0/checker-qual-3.42.0.jar:/Users/vinodkumar/.m2/repository/com/pgvector/pgvector/0.1.6/pgvector-0.1.6.jar:/Users/vinodkumar/.m2/repository/org/springframework/boot/spring-boot-starter-test/3.3.2/spring-boot-starter-test-3.3.2.jar:/Users/vinodkumar/.m2/repository/org/springframework/boot/spring-boot-test/3.3.2/spring-boot-test-3.3.2.jar:/Users/vinodkumar/.m2/repository/org/springframework/boot/spring-boot-test-autoconfigure/3.3.2/spring-boot-test-autoconfigure-3.3.2.jar:/Users/vinodkumar/.m2/repository/com/jayway/jsonpath/json-path/2.9.0/json-path-2.9.0.jar:/Users/vinodkumar/.m2/repository/jakarta/xml/bind/jakarta.xml.bind-api/4.0.2/jakarta.xml.bind-api-4.0.2.jar:/Users/vinodkumar/.m2/repository/jakarta/activation/jakarta.activation-api/2.1.3/jakarta.activation-api-2.1.3.jar:/Users/vinodkumar/.m2/repository/net/minidev/json-smart/2.5.1/json-smart-2.5.1.jar:/Users/vinodkumar/.m2/repository/net/minidev/accessors-smart/2.5.1/accessors-smart-2.5.1.jar:/Users/vinodkumar/.m2/repository/org/ow2/asm/asm/9.6/asm-9.6.jar:/Users/vinodkumar/.m2/repository/org/assertj/assertj-core/3.25.3/assertj-core-3.25.3.jar:/Users/vinodkumar/.m2/repository/org/awaitility/awaitility/4.2.1/awaitility-4.2.1.jar:/Users/vinodkumar/.m2/repository/org/hamcrest/hamcrest/2.2/hamcrest-2.2.jar:/Users/vinodkumar/.m2/repository/org/junit/jupiter/junit-jupiter/5.11.0-M2/junit-jupiter-5.11.0-M2.jar:/Users/vinodkumar/.m2/repository/org/junit/jupiter/junit-jupiter-api/5.11.0-M2/junit-jupiter-api-5.11.0-M2.jar:/Users/vinodkumar/.m2/repository/org/opentest4j/opentest4j/1.3.0/opentest4j-1.3.0.jar:/Users/vinodkumar/.m2/repository/org/junit/platform/junit-platform-commons/1.11.0-M2/junit-platform-commons-1.11.0-M2.jar:/Users/vinodkumar/.m2/repository/org/apiguardian/apiguardian-api/1.1.2/apiguardian-api-1.1.2.jar:/Users/vinodkumar/.m2/repository/org/junit/jupiter/junit-jupiter-params/5.11.0-M2/junit-jupiter-params-5.11.0-M2.jar:/Users/vinodkumar/.m2/repository/org/junit/jupiter/junit-jupiter-engine/5.11.0-M2/junit-jupiter-engine-5.11.0-M2.jar:/Users/vinodkumar/.m2/repository/org/junit/platform/junit-platform-engine/1.11.0-M2/junit-platform-engine-1.11.0-M2.jar:/Users/vinodkumar/.m2/repository/org/mockito/mockito-core/5.11.0/mockito-core-5.11.0.jar:/Users/vinodkumar/.m2/repository/net/bytebuddy/byte-buddy-agent/1.14.18/byte-buddy-agent-1.14.18.jar:/Users/vinodkumar/.m2/repository/org/objenesis/objenesis/3.3/objenesis-3.3.jar:/Users/vinodkumar/.m2/repository/org/mockito/mockito-junit-jupiter/5.11.0/mockito-junit-jupiter-5.11.0.jar:/Users/vinodkumar/.m2/repository/org/skyscreamer/jsonassert/1.5.3/jsonassert-1.5.3.jar:/Users/vinodkumar/.m2/repository/com/vaadin/external/google/android-json/0.0.20131108.vaadin1/android-json-0.0.20131108.vaadin1.jar:/Users/vinodkumar/.m2/repository/org/springframework/spring-core/6.1.11/spring-core-6.1.11.jar:/Users/vinodkumar/.m2/repository/org/springframework/spring-jcl/6.1.11/spring-jcl-6.1.11.jar:/Users/vinodkumar/.m2/repository/org/springframework/spring-test/6.1.11/spring-test-6.1.11.jar:/Users/vinodkumar/.m2/repository/org/xmlunit/xmlunit-core/2.9.1/xmlunit-core-2.9.1.jar:/Users/vinodkumar/.m2/repository/org/springframework/ai/spring-ai-spring-boot-testcontainers/1.0.0-M6/spring-ai-spring-boot-testcontainers-1.0.0-M6.jar:/Users/vinodkumar/.m2/repository/com/google/protobuf/protobuf-java/3.25.2/protobuf-java-3.25.2.jar:/Users/vinodkumar/.m2/repository/org/springframework/boot/spring-boot-testcontainers/3.3.2/spring-boot-testcontainers-3.3.2.jar:/Users/vinodkumar/.m2/repository/org/testcontainers/chromadb/1.19.8/chromadb-1.19.8.jar:/Users/vinodkumar/.m2/repository/org/testcontainers/testcontainers/1.19.8/testcontainers-1.19.8.jar:/Users/vinodkumar/.m2/repository/junit/junit/4.13.2/junit-4.13.2.jar:/Users/vinodkumar/.m2/repository/org/hamcrest/hamcrest-core/2.2/hamcrest-core-2.2.jar:/Users/vinodkumar/.m2/repository/org/apache/commons/commons-compress/1.24.0/commons-compress-1.24.0.jar:/Users/vinodkumar/.m2/repository/org/rnorth/duct-tape/duct-tape/1.0.8/duct-tape-1.0.8.jar:/Users/vinodkumar/.m2/repository/org/jetbrains/annotations/17.0.0/annotations-17.0.0.jar:/Users/vinodkumar/.m2/repository/com/github/docker-java/docker-java-api/3.3.6/docker-java-api-3.3.6.jar:/Users/vinodkumar/.m2/repository/com/github/docker-java/docker-java-transport-zerodep/3.3.6/docker-java-transport-zerodep-3.3.6.jar:/Users/vinodkumar/.m2/repository/com/github/docker-java/docker-java-transport/3.3.6/docker-java-transport-3.3.6.jar:/Users/vinodkumar/.m2/repository/net/java/dev/jna/jna/5.13.0/jna-5.13.0.jar:/Users/vinodkumar/.m2/repository/org/testcontainers/ollama/1.19.8/ollama-1.19.8.jar:/Users/vinodkumar/.m2/repository/org/springframework/boot/spring-boot-docker-compose/3.3.2/spring-boot-docker-compose-3.3.2.jar:/Users/vinodkumar/.m2/repository/org/springframework/boot/spring-boot/3.3.2/spring-boot-3.3.2.jar:/Users/vinodkumar/.m2/repository/com/fasterxml/jackson/core/jackson-databind/2.17.2/jackson-databind-2.17.2.jar:/Users/vinodkumar/.m2/repository/com/fasterxml/jackson/core/jackson-annotations/2.17.2/jackson-annotations-2.17.2.jar:/Users/vinodkumar/.m2/repository/com/fasterxml/jackson/core/jackson-core/2.17.2/jackson-core-2.17.2.jar:/Users/vinodkumar/.m2/repository/com/fasterxml/jackson/module/jackson-module-parameter-names/2.17.2/jackson-module-parameter-names-2.17.2.jar:/Users/vinodkumar/.m2/repository/org/springframework/ai/spring-ai-redis-store-spring-boot-starter/1.0.0-M6/spring-ai-redis-store-spring-boot-starter-1.0.0-M6.jar:/Users/vinodkumar/.m2/repository/org/springframework/ai/spring-ai-redis-store/1.0.0-M6/spring-ai-redis-store-1.0.0-M6.jar:/Users/vinodkumar/.m2/repository/org/springframework/data/spring-data-redis/3.3.2/spring-data-redis-3.3.2.jar:/Users/vinodkumar/.m2/repository/org/springframework/data/spring-data-keyvalue/3.3.2/spring-data-keyvalue-3.3.2.jar:/Users/vinodkumar/.m2/repository/org/springframework/spring-oxm/6.1.11/spring-oxm-6.1.11.jar:/Users/vinodkumar/.m2/repository/redis/clients/jedis/5.0.2/jedis-5.0.2.jar:/Users/vinodkumar/.m2/repository/org/apache/commons/commons-pool2/2.12.0/commons-pool2-2.12.0.jar:/Users/vinodkumar/.m2/repository/org/json/json/20231013/json-20231013.jar:/Users/vinodkumar/.m2/repository/com/google/code/gson/gson/2.10.1/gson-2.10.1.jar:/Users/vinodkumar/.m2/repository/org/springframework/ai/spring-ai-pdf-document-reader/1.0.0-M6/spring-ai-pdf-document-reader-1.0.0-M6.jar:/Users/vinodkumar/.m2/repository/org/apache/pdfbox/pdfbox/3.0.3/pdfbox-3.0.3.jar:/Users/vinodkumar/.m2/repository/org/apache/pdfbox/pdfbox-io/3.0.3/pdfbox-io-3.0.3.jar:/Users/vinodkumar/.m2/repository/org/apache/pdfbox/fontbox/3.0.3/fontbox-3.0.3.jar:"/>
    <property name="java.vm.vendor" value="Oracle Corporation"/>
    <property name="sun.arch.data.model" value="64"/>
    <property name="java.vendor.url" value="https://java.oracle.com/"/>
    <property name="os.name" value="Mac OS X"/>
    <property name="java.vm.specification.version" value="21"/>
    <property name="sun.java.launcher" value="SUN_STANDARD"/>
    <property name="user.country" value="IN"/>
    <property name="sun.boot.library.path" value="/Library/Java/JavaVirtualMachines/jdk-21.jdk/Contents/Home/lib"/>
    <property name="sun.java.command" value="/Users/vinodkumar/Documents/Technologies/SpringBoot/spring-ai-modules/target/surefire/surefirebooter-20250716172455760_3.jar /Users/vinodkumar/Documents/Technologies/SpringBoot/spring-ai-modules/target/surefire 2025-07-16T17-24-55_727-jvmRun1 surefire-20250716172455760_1tmp surefire_0-20250716172455760_2tmp"/>
    <property name="http.nonProxyHosts" value="local|*.local|169.254/16|*.169.254/16"/>
    <property name="jdk.debug" value="release"/>
    <property name="surefire.test.class.path" value="/Users/vinodkumar/Documents/Technologies/SpringBoot/spring-ai-modules/target/test-classes:/Users/vinodkumar/Documents/Technologies/SpringBoot/spring-ai-modules/target/classes:/Users/vinodkumar/.m2/repository/org/springframework/ai/spring-ai-starter-model-anthropic/1.0.0/spring-ai-starter-model-anthropic-1.0.0.jar:/Users/vinodkumar/.m2/repository/org/springframework/boot/spring-boot-starter/3.3.2/spring-boot-starter-3.3.2.jar:/Users/vinodkumar/.m2/repository/org/springframework/boot/spring-boot-autoconfigure/3.3.2/spring-boot-autoconfigure-3.3.2.jar:/Users/vinodkumar/.m2/repository/org/springframework/boot/spring-boot-starter-logging/3.3.2/spring-boot-starter-logging-3.3.2.jar:/Users/vinodkumar/.m2/repository/ch/qos/logback/logback-classic/1.5.6/logback-classic-1.5.6.jar:/Users/vinodkumar/.m2/repository/ch/qos/logback/logback-core/1.5.6/logback-core-1.5.6.jar:/Users/vinodkumar/.m2/repository/org/apache/logging/log4j/log4j-to-slf4j/2.23.1/log4j-to-slf4j-2.23.1.jar:/Users/vinodkumar/.m2/repository/org/apache/logging/log4j/log4j-api/2.23.1/log4j-api-2.23.1.jar:/Users/vinodkumar/.m2/repository/org/slf4j/jul-to-slf4j/2.0.13/jul-to-slf4j-2.0.13.jar:/Users/vinodkumar/.m2/repository/jakarta/annotation/jakarta.annotation-api/2.1.1/jakarta.annotation-api-2.1.1.jar:/Users/vinodkumar/.m2/repository/org/yaml/snakeyaml/2.2/snakeyaml-2.2.jar:/Users/vinodkumar/.m2/repository/org/springframework/ai/spring-ai-autoconfigure-model-anthropic/1.0.0/spring-ai-autoconfigure-model-anthropic-1.0.0.jar:/Users/vinodkumar/.m2/repository/org/springframework/ai/spring-ai-autoconfigure-model-tool/1.0.0/spring-ai-autoconfigure-model-tool-1.0.0.jar:/Users/vinodkumar/.m2/repository/org/springframework/ai/spring-ai-autoconfigure-retry/1.0.0/spring-ai-autoconfigure-retry-1.0.0.jar:/Users/vinodkumar/.m2/repository/org/springframework/ai/spring-ai-autoconfigure-model-chat-observation/1.0.0/spring-ai-autoconfigure-model-chat-observation-1.0.0.jar:/Users/vinodkumar/.m2/repository/org/springframework/ai/spring-ai-anthropic/1.0.0-M6/spring-ai-anthropic-1.0.0-M6.jar:/Users/vinodkumar/.m2/repository/org/springframework/ai/spring-ai-retry/1.0.0-M6/spring-ai-retry-1.0.0-M6.jar:/Users/vinodkumar/.m2/repository/org/springframework/retry/spring-retry/2.0.7/spring-retry-2.0.7.jar:/Users/vinodkumar/.m2/repository/io/rest-assured/json-path/5.4.0/json-path-5.4.0.jar:/Users/vinodkumar/.m2/repository/org/apache/groovy/groovy-json/4.0.22/groovy-json-4.0.22.jar:/Users/vinodkumar/.m2/repository/org/apache/groovy/groovy/4.0.22/groovy-4.0.22.jar:/Users/vinodkumar/.m2/repository/io/rest-assured/rest-assured-common/5.4.0/rest-assured-common-5.4.0.jar:/Users/vinodkumar/.m2/repository/org/apache/commons/commons-lang3/3.14.0/commons-lang3-3.14.0.jar:/Users/vinodkumar/.m2/repository/com/github/victools/jsonschema-generator/4.37.0/jsonschema-generator-4.37.0.jar:/Users/vinodkumar/.m2/repository/com/github/victools/jsonschema-module-jackson/4.37.0/jsonschema-module-jackson-4.37.0.jar:/Users/vinodkumar/.m2/repository/org/springframework/spring-context-support/6.1.11/spring-context-support-6.1.11.jar:/Users/vinodkumar/.m2/repository/org/slf4j/slf4j-api/2.0.13/slf4j-api-2.0.13.jar:/Users/vinodkumar/.m2/repository/org/springframework/ai/spring-ai-autoconfigure-model-chat-client/1.0.0/spring-ai-autoconfigure-model-chat-client-1.0.0.jar:/Users/vinodkumar/.m2/repository/org/springframework/ai/spring-ai-client-chat/1.0.0/spring-ai-client-chat-1.0.0.jar:/Users/vinodkumar/.m2/repository/org/springframework/ai/spring-ai-autoconfigure-model-chat-memory/1.0.0/spring-ai-autoconfigure-model-chat-memory-1.0.0.jar:/Users/vinodkumar/.m2/repository/org/springframework/ai/spring-ai-model/1.0.0/spring-ai-model-1.0.0.jar:/Users/vinodkumar/.m2/repository/org/springframework/ai/spring-ai-commons/1.0.0/spring-ai-commons-1.0.0.jar:/Users/vinodkumar/.m2/repository/org/springframework/ai/spring-ai-template-st/1.0.0/spring-ai-template-st-1.0.0.jar:/Users/vinodkumar/.m2/repository/org/springframework/ai/spring-ai-ollama-spring-boot-starter/1.0.0-M6/spring-ai-ollama-spring-boot-starter-1.0.0-M6.jar:/Users/vinodkumar/.m2/repository/org/springframework/ai/spring-ai-spring-boot-autoconfigure/1.0.0-M6/spring-ai-spring-boot-autoconfigure-1.0.0-M6.jar:/Users/vinodkumar/.m2/repository/org/springframework/ai/spring-ai-ollama/1.0.0-M6/spring-ai-ollama-1.0.0-M6.jar:/Users/vinodkumar/.m2/repository/com/fasterxml/jackson/datatype/jackson-datatype-jsr310/2.17.2/jackson-datatype-jsr310-2.17.2.jar:/Users/vinodkumar/.m2/repository/org/springframework/boot/spring-boot-starter-web/3.3.2/spring-boot-starter-web-3.3.2.jar:/Users/vinodkumar/.m2/repository/org/springframework/boot/spring-boot-starter-json/3.3.2/spring-boot-starter-json-3.3.2.jar:/Users/vinodkumar/.m2/repository/com/fasterxml/jackson/datatype/jackson-datatype-jdk8/2.17.2/jackson-datatype-jdk8-2.17.2.jar:/Users/vinodkumar/.m2/repository/org/springframework/boot/spring-boot-starter-tomcat/3.3.2/spring-boot-starter-tomcat-3.3.2.jar:/Users/vinodkumar/.m2/repository/org/apache/tomcat/embed/tomcat-embed-core/10.1.26/tomcat-embed-core-10.1.26.jar:/Users/vinodkumar/.m2/repository/org/apache/tomcat/embed/tomcat-embed-el/10.1.26/tomcat-embed-el-10.1.26.jar:/Users/vinodkumar/.m2/repository/org/apache/tomcat/embed/tomcat-embed-websocket/10.1.26/tomcat-embed-websocket-10.1.26.jar:/Users/vinodkumar/.m2/repository/org/springframework/spring-web/6.1.11/spring-web-6.1.11.jar:/Users/vinodkumar/.m2/repository/org/springframework/spring-beans/6.1.11/spring-beans-6.1.11.jar:/Users/vinodkumar/.m2/repository/io/micrometer/micrometer-observation/1.13.2/micrometer-observation-1.13.2.jar:/Users/vinodkumar/.m2/repository/io/micrometer/micrometer-commons/1.13.2/micrometer-commons-1.13.2.jar:/Users/vinodkumar/.m2/repository/org/springframework/spring-webmvc/6.1.11/spring-webmvc-6.1.11.jar:/Users/vinodkumar/.m2/repository/org/springframework/spring-aop/6.1.11/spring-aop-6.1.11.jar:/Users/vinodkumar/.m2/repository/org/springframework/spring-context/6.1.11/spring-context-6.1.11.jar:/Users/vinodkumar/.m2/repository/org/springframework/spring-expression/6.1.11/spring-expression-6.1.11.jar:/Users/vinodkumar/.m2/repository/org/springframework/ai/spring-ai-markdown-document-reader/1.0.0-M6/spring-ai-markdown-document-reader-1.0.0-M6.jar:/Users/vinodkumar/.m2/repository/org/springframework/ai/spring-ai-core/1.0.0-M6/spring-ai-core-1.0.0-M6.jar:/Users/vinodkumar/.m2/repository/com/fasterxml/jackson/module/jackson-module-jsonSchema/2.17.2/jackson-module-jsonSchema-2.17.2.jar:/Users/vinodkumar/.m2/repository/javax/validation/validation-api/1.1.0.Final/validation-api-1.1.0.Final.jar:/Users/vinodkumar/.m2/repository/io/swagger/core/v3/swagger-annotations/2.2.25/swagger-annotations-2.2.25.jar:/Users/vinodkumar/.m2/repository/com/github/victools/jsonschema-module-swagger-2/4.37.0/jsonschema-module-swagger-2-4.37.0.jar:/Users/vinodkumar/.m2/repository/org/antlr/ST4/4.3.4/ST4-4.3.4.jar:/Users/vinodkumar/.m2/repository/org/antlr/antlr-runtime/3.5.3/antlr-runtime-3.5.3.jar:/Users/vinodkumar/.m2/repository/org/antlr/antlr4-runtime/4.13.1/antlr4-runtime-4.13.1.jar:/Users/vinodkumar/.m2/repository/io/projectreactor/reactor-core/3.6.8/reactor-core-3.6.8.jar:/Users/vinodkumar/.m2/repository/org/reactivestreams/reactive-streams/1.0.4/reactive-streams-1.0.4.jar:/Users/vinodkumar/.m2/repository/org/springframework/spring-messaging/6.1.11/spring-messaging-6.1.11.jar:/Users/vinodkumar/.m2/repository/io/micrometer/micrometer-core/1.13.2/micrometer-core-1.13.2.jar:/Users/vinodkumar/.m2/repository/org/hdrhistogram/HdrHistogram/2.2.2/HdrHistogram-2.2.2.jar:/Users/vinodkumar/.m2/repository/org/latencyutils/LatencyUtils/2.0.3/LatencyUtils-2.0.3.jar:/Users/vinodkumar/.m2/repository/io/micrometer/context-propagation/1.1.1/context-propagation-1.1.1.jar:/Users/vinodkumar/.m2/repository/com/knuddels/jtokkit/1.1.0/jtokkit-1.1.0.jar:/Users/vinodkumar/.m2/repository/org/commonmark/commonmark/0.22.0/commonmark-0.22.0.jar:/Users/vinodkumar/.m2/repository/org/springframework/ai/spring-ai-chroma-store-spring-boot-starter/1.0.0-M6/spring-ai-chroma-store-spring-boot-starter-1.0.0-M6.jar:/Users/vinodkumar/.m2/repository/org/springframework/ai/spring-ai-chroma-store/1.0.0-M6/spring-ai-chroma-store-1.0.0-M6.jar:/Users/vinodkumar/.m2/repository/org/springframework/spring-webflux/6.1.11/spring-webflux-6.1.11.jar:/Users/vinodkumar/.m2/repository/org/springframework/ai/spring-ai-anthropic-spring-boot-starter/1.0.0-M6/spring-ai-anthropic-spring-boot-starter-1.0.0-M6.jar:/Users/vinodkumar/.m2/repository/org/springframework/ai/spring-ai-bedrock-converse-spring-boot-starter/1.0.0-M6/spring-ai-bedrock-converse-spring-boot-starter-1.0.0-M6.jar:/Users/vinodkumar/.m2/repository/org/springframework/ai/spring-ai-bedrock-converse/1.0.0-M6/spring-ai-bedrock-converse-1.0.0-M6.jar:/Users/vinodkumar/.m2/repository/software/amazon/awssdk/bedrockruntime/2.29.29/bedrockruntime-2.29.29.jar:/Users/vinodkumar/.m2/repository/software/amazon/awssdk/protocol-core/2.29.29/protocol-core-2.29.29.jar:/Users/vinodkumar/.m2/repository/software/amazon/awssdk/aws-json-protocol/2.29.29/aws-json-protocol-2.29.29.jar:/Users/vinodkumar/.m2/repository/software/amazon/awssdk/third-party-jackson-core/2.29.29/third-party-jackson-core-2.29.29.jar:/Users/vinodkumar/.m2/repository/software/amazon/awssdk/http-auth-aws/2.29.29/http-auth-aws-2.29.29.jar:/Users/vinodkumar/.m2/repository/software/amazon/awssdk/checksums-spi/2.29.29/checksums-spi-2.29.29.jar:/Users/vinodkumar/.m2/repository/software/amazon/awssdk/checksums/2.29.29/checksums-2.29.29.jar:/Users/vinodkumar/.m2/repository/software/amazon/awssdk/sdk-core/2.29.29/sdk-core-2.29.29.jar:/Users/vinodkumar/.m2/repository/software/amazon/awssdk/retries/2.29.29/retries-2.29.29.jar:/Users/vinodkumar/.m2/repository/software/amazon/awssdk/auth/2.29.29/auth-2.29.29.jar:/Users/vinodkumar/.m2/repository/software/amazon/awssdk/http-auth-aws-eventstream/2.29.29/http-auth-aws-eventstream-2.29.29.jar:/Users/vinodkumar/.m2/repository/software/amazon/eventstream/eventstream/1.0.1/eventstream-1.0.1.jar:/Users/vinodkumar/.m2/repository/software/amazon/awssdk/http-auth-spi/2.29.29/http-auth-spi-2.29.29.jar:/Users/vinodkumar/.m2/repository/software/amazon/awssdk/http-auth/2.29.29/http-auth-2.29.29.jar:/Users/vinodkumar/.m2/repository/software/amazon/awssdk/identity-spi/2.29.29/identity-spi-2.29.29.jar:/Users/vinodkumar/.m2/repository/software/amazon/awssdk/http-client-spi/2.29.29/http-client-spi-2.29.29.jar:/Users/vinodkumar/.m2/repository/software/amazon/awssdk/regions/2.29.29/regions-2.29.29.jar:/Users/vinodkumar/.m2/repository/software/amazon/awssdk/annotations/2.29.29/annotations-2.29.29.jar:/Users/vinodkumar/.m2/repository/software/amazon/awssdk/utils/2.29.29/utils-2.29.29.jar:/Users/vinodkumar/.m2/repository/software/amazon/awssdk/aws-core/2.29.29/aws-core-2.29.29.jar:/Users/vinodkumar/.m2/repository/software/amazon/awssdk/metrics-spi/2.29.29/metrics-spi-2.29.29.jar:/Users/vinodkumar/.m2/repository/software/amazon/awssdk/json-utils/2.29.29/json-utils-2.29.29.jar:/Users/vinodkumar/.m2/repository/software/amazon/awssdk/endpoints-spi/2.29.29/endpoints-spi-2.29.29.jar:/Users/vinodkumar/.m2/repository/software/amazon/awssdk/retries-spi/2.29.29/retries-spi-2.29.29.jar:/Users/vinodkumar/.m2/repository/software/amazon/awssdk/apache-client/2.29.29/apache-client-2.29.29.jar:/Users/vinodkumar/.m2/repository/org/apache/httpcomponents/httpclient/4.5.13/httpclient-4.5.13.jar:/Users/vinodkumar/.m2/repository/org/apache/httpcomponents/httpcore/4.4.16/httpcore-4.4.16.jar:/Users/vinodkumar/.m2/repository/commons-codec/commons-codec/1.16.1/commons-codec-1.16.1.jar:/Users/vinodkumar/.m2/repository/software/amazon/awssdk/sts/2.29.29/sts-2.29.29.jar:/Users/vinodkumar/.m2/repository/software/amazon/awssdk/aws-query-protocol/2.29.29/aws-query-protocol-2.29.29.jar:/Users/vinodkumar/.m2/repository/software/amazon/awssdk/profiles/2.29.29/profiles-2.29.29.jar:/Users/vinodkumar/.m2/repository/software/amazon/awssdk/netty-nio-client/2.29.29/netty-nio-client-2.29.29.jar:/Users/vinodkumar/.m2/repository/io/netty/netty-codec-http/4.1.111.Final/netty-codec-http-4.1.111.Final.jar:/Users/vinodkumar/.m2/repository/io/netty/netty-codec-http2/4.1.111.Final/netty-codec-http2-4.1.111.Final.jar:/Users/vinodkumar/.m2/repository/io/netty/netty-codec/4.1.111.Final/netty-codec-4.1.111.Final.jar:/Users/vinodkumar/.m2/repository/io/netty/netty-transport/4.1.111.Final/netty-transport-4.1.111.Final.jar:/Users/vinodkumar/.m2/repository/io/netty/netty-common/4.1.111.Final/netty-common-4.1.111.Final.jar:/Users/vinodkumar/.m2/repository/io/netty/netty-buffer/4.1.111.Final/netty-buffer-4.1.111.Final.jar:/Users/vinodkumar/.m2/repository/io/netty/netty-handler/4.1.111.Final/netty-handler-4.1.111.Final.jar:/Users/vinodkumar/.m2/repository/io/netty/netty-transport-native-unix-common/4.1.111.Final/netty-transport-native-unix-common-4.1.111.Final.jar:/Users/vinodkumar/.m2/repository/io/netty/netty-transport-classes-epoll/4.1.111.Final/netty-transport-classes-epoll-4.1.111.Final.jar:/Users/vinodkumar/.m2/repository/io/netty/netty-resolver/4.1.111.Final/netty-resolver-4.1.111.Final.jar:/Users/vinodkumar/.m2/repository/org/springframework/boot/spring-boot-starter-data-jpa/3.3.2/spring-boot-starter-data-jpa-3.3.2.jar:/Users/vinodkumar/.m2/repository/org/springframework/boot/spring-boot-starter-aop/3.3.2/spring-boot-starter-aop-3.3.2.jar:/Users/vinodkumar/.m2/repository/org/aspectj/aspectjweaver/1.9.22.1/aspectjweaver-1.9.22.1.jar:/Users/vinodkumar/.m2/repository/org/springframework/boot/spring-boot-starter-jdbc/3.3.2/spring-boot-starter-jdbc-3.3.2.jar:/Users/vinodkumar/.m2/repository/com/zaxxer/HikariCP/5.1.0/HikariCP-5.1.0.jar:/Users/vinodkumar/.m2/repository/org/springframework/spring-jdbc/6.1.11/spring-jdbc-6.1.11.jar:/Users/vinodkumar/.m2/repository/org/hibernate/orm/hibernate-core/6.5.2.Final/hibernate-core-6.5.2.Final.jar:/Users/vinodkumar/.m2/repository/jakarta/persistence/jakarta.persistence-api/3.1.0/jakarta.persistence-api-3.1.0.jar:/Users/vinodkumar/.m2/repository/jakarta/transaction/jakarta.transaction-api/2.0.1/jakarta.transaction-api-2.0.1.jar:/Users/vinodkumar/.m2/repository/org/jboss/logging/jboss-logging/3.5.3.Final/jboss-logging-3.5.3.Final.jar:/Users/vinodkumar/.m2/repository/org/hibernate/common/hibernate-commons-annotations/6.0.6.Final/hibernate-commons-annotations-6.0.6.Final.jar:/Users/vinodkumar/.m2/repository/io/smallrye/jandex/3.1.2/jandex-3.1.2.jar:/Users/vinodkumar/.m2/repository/com/fasterxml/classmate/1.7.0/classmate-1.7.0.jar:/Users/vinodkumar/.m2/repository/net/bytebuddy/byte-buddy/1.14.18/byte-buddy-1.14.18.jar:/Users/vinodkumar/.m2/repository/org/glassfish/jaxb/jaxb-runtime/4.0.5/jaxb-runtime-4.0.5.jar:/Users/vinodkumar/.m2/repository/org/glassfish/jaxb/jaxb-core/4.0.5/jaxb-core-4.0.5.jar:/Users/vinodkumar/.m2/repository/org/eclipse/angus/angus-activation/2.0.2/angus-activation-2.0.2.jar:/Users/vinodkumar/.m2/repository/org/glassfish/jaxb/txw2/4.0.5/txw2-4.0.5.jar:/Users/vinodkumar/.m2/repository/com/sun/istack/istack-commons-runtime/4.1.2/istack-commons-runtime-4.1.2.jar:/Users/vinodkumar/.m2/repository/jakarta/inject/jakarta.inject-api/2.0.1/jakarta.inject-api-2.0.1.jar:/Users/vinodkumar/.m2/repository/org/springframework/data/spring-data-jpa/3.3.2/spring-data-jpa-3.3.2.jar:/Users/vinodkumar/.m2/repository/org/springframework/data/spring-data-commons/3.3.2/spring-data-commons-3.3.2.jar:/Users/vinodkumar/.m2/repository/org/springframework/spring-orm/6.1.11/spring-orm-6.1.11.jar:/Users/vinodkumar/.m2/repository/org/springframework/spring-tx/6.1.11/spring-tx-6.1.11.jar:/Users/vinodkumar/.m2/repository/org/springframework/spring-aspects/6.1.11/spring-aspects-6.1.11.jar:/Users/vinodkumar/.m2/repository/org/springframework/ai/spring-ai-openai-spring-boot-starter/1.0.0-M6/spring-ai-openai-spring-boot-starter-1.0.0-M6.jar:/Users/vinodkumar/.m2/repository/org/springframework/ai/spring-ai-openai/1.0.0-M6/spring-ai-openai-1.0.0-M6.jar:/Users/vinodkumar/.m2/repository/org/hsqldb/hsqldb/2.7.3/hsqldb-2.7.3.jar:/Users/vinodkumar/.m2/repository/org/springframework/ai/spring-ai-pgvector-store-spring-boot-starter/1.0.0-M6/spring-ai-pgvector-store-spring-boot-starter-1.0.0-M6.jar:/Users/vinodkumar/.m2/repository/org/springframework/ai/spring-ai-pgvector-store/1.0.0-M6/spring-ai-pgvector-store-1.0.0-M6.jar:/Users/vinodkumar/.m2/repository/org/postgresql/postgresql/42.7.3/postgresql-42.7.3.jar:/Users/vinodkumar/.m2/repository/org/checkerframework/checker-qual/3.42.0/checker-qual-3.42.0.jar:/Users/vinodkumar/.m2/repository/com/pgvector/pgvector/0.1.6/pgvector-0.1.6.jar:/Users/vinodkumar/.m2/repository/org/springframework/boot/spring-boot-starter-test/3.3.2/spring-boot-starter-test-3.3.2.jar:/Users/vinodkumar/.m2/repository/org/springframework/boot/spring-boot-test/3.3.2/spring-boot-test-3.3.2.jar:/Users/vinodkumar/.m2/repository/org/springframework/boot/spring-boot-test-autoconfigure/3.3.2/spring-boot-test-autoconfigure-3.3.2.jar:/Users/vinodkumar/.m2/repository/com/jayway/jsonpath/json-path/2.9.0/json-path-2.9.0.jar:/Users/vinodkumar/.m2/repository/jakarta/xml/bind/jakarta.xml.bind-api/4.0.2/jakarta.xml.bind-api-4.0.2.jar:/Users/vinodkumar/.m2/repository/jakarta/activation/jakarta.activation-api/2.1.3/jakarta.activation-api-2.1.3.jar:/Users/vinodkumar/.m2/repository/net/minidev/json-smart/2.5.1/json-smart-2.5.1.jar:/Users/vinodkumar/.m2/repository/net/minidev/accessors-smart/2.5.1/accessors-smart-2.5.1.jar:/Users/vinodkumar/.m2/repository/org/ow2/asm/asm/9.6/asm-9.6.jar:/Users/vinodkumar/.m2/repository/org/assertj/assertj-core/3.25.3/assertj-core-3.25.3.jar:/Users/vinodkumar/.m2/repository/org/awaitility/awaitility/4.2.1/awaitility-4.2.1.jar:/Users/vinodkumar/.m2/repository/org/hamcrest/hamcrest/2.2/hamcrest-2.2.jar:/Users/vinodkumar/.m2/repository/org/junit/jupiter/junit-jupiter/5.11.0-M2/junit-jupiter-5.11.0-M2.jar:/Users/vinodkumar/.m2/repository/org/junit/jupiter/junit-jupiter-api/5.11.0-M2/junit-jupiter-api-5.11.0-M2.jar:/Users/vinodkumar/.m2/repository/org/opentest4j/opentest4j/1.3.0/opentest4j-1.3.0.jar:/Users/vinodkumar/.m2/repository/org/junit/platform/junit-platform-commons/1.11.0-M2/junit-platform-commons-1.11.0-M2.jar:/Users/vinodkumar/.m2/repository/org/apiguardian/apiguardian-api/1.1.2/apiguardian-api-1.1.2.jar:/Users/vinodkumar/.m2/repository/org/junit/jupiter/junit-jupiter-params/5.11.0-M2/junit-jupiter-params-5.11.0-M2.jar:/Users/vinodkumar/.m2/repository/org/junit/jupiter/junit-jupiter-engine/5.11.0-M2/junit-jupiter-engine-5.11.0-M2.jar:/Users/vinodkumar/.m2/repository/org/junit/platform/junit-platform-engine/1.11.0-M2/junit-platform-engine-1.11.0-M2.jar:/Users/vinodkumar/.m2/repository/org/mockito/mockito-core/5.11.0/mockito-core-5.11.0.jar:/Users/vinodkumar/.m2/repository/net/bytebuddy/byte-buddy-agent/1.14.18/byte-buddy-agent-1.14.18.jar:/Users/vinodkumar/.m2/repository/org/objenesis/objenesis/3.3/objenesis-3.3.jar:/Users/vinodkumar/.m2/repository/org/mockito/mockito-junit-jupiter/5.11.0/mockito-junit-jupiter-5.11.0.jar:/Users/vinodkumar/.m2/repository/org/skyscreamer/jsonassert/1.5.3/jsonassert-1.5.3.jar:/Users/vinodkumar/.m2/repository/com/vaadin/external/google/android-json/0.0.20131108.vaadin1/android-json-0.0.20131108.vaadin1.jar:/Users/vinodkumar/.m2/repository/org/springframework/spring-core/6.1.11/spring-core-6.1.11.jar:/Users/vinodkumar/.m2/repository/org/springframework/spring-jcl/6.1.11/spring-jcl-6.1.11.jar:/Users/vinodkumar/.m2/repository/org/springframework/spring-test/6.1.11/spring-test-6.1.11.jar:/Users/vinodkumar/.m2/repository/org/xmlunit/xmlunit-core/2.9.1/xmlunit-core-2.9.1.jar:/Users/vinodkumar/.m2/repository/org/springframework/ai/spring-ai-spring-boot-testcontainers/1.0.0-M6/spring-ai-spring-boot-testcontainers-1.0.0-M6.jar:/Users/vinodkumar/.m2/repository/com/google/protobuf/protobuf-java/3.25.2/protobuf-java-3.25.2.jar:/Users/vinodkumar/.m2/repository/org/springframework/boot/spring-boot-testcontainers/3.3.2/spring-boot-testcontainers-3.3.2.jar:/Users/vinodkumar/.m2/repository/org/testcontainers/chromadb/1.19.8/chromadb-1.19.8.jar:/Users/vinodkumar/.m2/repository/org/testcontainers/testcontainers/1.19.8/testcontainers-1.19.8.jar:/Users/vinodkumar/.m2/repository/junit/junit/4.13.2/junit-4.13.2.jar:/Users/vinodkumar/.m2/repository/org/hamcrest/hamcrest-core/2.2/hamcrest-core-2.2.jar:/Users/vinodkumar/.m2/repository/org/apache/commons/commons-compress/1.24.0/commons-compress-1.24.0.jar:/Users/vinodkumar/.m2/repository/org/rnorth/duct-tape/duct-tape/1.0.8/duct-tape-1.0.8.jar:/Users/vinodkumar/.m2/repository/org/jetbrains/annotations/17.0.0/annotations-17.0.0.jar:/Users/vinodkumar/.m2/repository/com/github/docker-java/docker-java-api/3.3.6/docker-java-api-3.3.6.jar:/Users/vinodkumar/.m2/repository/com/github/docker-java/docker-java-transport-zerodep/3.3.6/docker-java-transport-zerodep-3.3.6.jar:/Users/vinodkumar/.m2/repository/com/github/docker-java/docker-java-transport/3.3.6/docker-java-transport-3.3.6.jar:/Users/vinodkumar/.m2/repository/net/java/dev/jna/jna/5.13.0/jna-5.13.0.jar:/Users/vinodkumar/.m2/repository/org/testcontainers/ollama/1.19.8/ollama-1.19.8.jar:/Users/vinodkumar/.m2/repository/org/springframework/boot/spring-boot-docker-compose/3.3.2/spring-boot-docker-compose-3.3.2.jar:/Users/vinodkumar/.m2/repository/org/springframework/boot/spring-boot/3.3.2/spring-boot-3.3.2.jar:/Users/vinodkumar/.m2/repository/com/fasterxml/jackson/core/jackson-databind/2.17.2/jackson-databind-2.17.2.jar:/Users/vinodkumar/.m2/repository/com/fasterxml/jackson/core/jackson-annotations/2.17.2/jackson-annotations-2.17.2.jar:/Users/vinodkumar/.m2/repository/com/fasterxml/jackson/core/jackson-core/2.17.2/jackson-core-2.17.2.jar:/Users/vinodkumar/.m2/repository/com/fasterxml/jackson/module/jackson-module-parameter-names/2.17.2/jackson-module-parameter-names-2.17.2.jar:/Users/vinodkumar/.m2/repository/org/springframework/ai/spring-ai-redis-store-spring-boot-starter/1.0.0-M6/spring-ai-redis-store-spring-boot-starter-1.0.0-M6.jar:/Users/vinodkumar/.m2/repository/org/springframework/ai/spring-ai-redis-store/1.0.0-M6/spring-ai-redis-store-1.0.0-M6.jar:/Users/vinodkumar/.m2/repository/org/springframework/data/spring-data-redis/3.3.2/spring-data-redis-3.3.2.jar:/Users/vinodkumar/.m2/repository/org/springframework/data/spring-data-keyvalue/3.3.2/spring-data-keyvalue-3.3.2.jar:/Users/vinodkumar/.m2/repository/org/springframework/spring-oxm/6.1.11/spring-oxm-6.1.11.jar:/Users/vinodkumar/.m2/repository/redis/clients/jedis/5.0.2/jedis-5.0.2.jar:/Users/vinodkumar/.m2/repository/org/apache/commons/commons-pool2/2.12.0/commons-pool2-2.12.0.jar:/Users/vinodkumar/.m2/repository/org/json/json/20231013/json-20231013.jar:/Users/vinodkumar/.m2/repository/com/google/code/gson/gson/2.10.1/gson-2.10.1.jar:/Users/vinodkumar/.m2/repository/org/springframework/ai/spring-ai-pdf-document-reader/1.0.0-M6/spring-ai-pdf-document-reader-1.0.0-M6.jar:/Users/vinodkumar/.m2/repository/org/apache/pdfbox/pdfbox/3.0.3/pdfbox-3.0.3.jar:/Users/vinodkumar/.m2/repository/org/apache/pdfbox/pdfbox-io/3.0.3/pdfbox-io-3.0.3.jar:/Users/vinodkumar/.m2/repository/org/apache/pdfbox/fontbox/3.0.3/fontbox-3.0.3.jar:"/>
    <property name="sun.cpu.endian" value="little"/>
    <property name="user.home" value="/Users/vinodkumar"/>
    <property name="user.language" value="en"/>
    <property name="java.specification.vendor" value="Oracle Corporation"/>
    <property name="java.version.date" value="2025-04-15"/>
    <property name="java.home" value="/Library/Java/JavaVirtualMachines/jdk-21.jdk/Contents/Home"/>
    <property name="file.separator" value="/"/>
    <property name="basedir" value="/Users/vinodkumar/Documents/Technologies/SpringBoot/spring-ai-modules"/>
    <property name="java.vm.compressedOopsMode" value="Non-zero based"/>
    <property name="line.separator" value="&#10;"/>
    <property name="java.vm.specification.vendor" value="Oracle Corporation"/>
    <property name="java.specification.name" value="Java Platform API Specification"/>
    <property name="apple.awt.application.name" value="ForkedBooter"/>
    <property name="surefire.real.class.path" value="/Users/vinodkumar/Documents/Technologies/SpringBoot/spring-ai-modules/target/surefire/surefirebooter-20250716172455760_3.jar"/>
    <property name="sun.management.compiler" value="HotSpot 64-Bit Tiered Compilers"/>
    <property name="ftp.nonProxyHosts" value="local|*.local|169.254/16|*.169.254/16"/>
    <property name="java.runtime.version" value="21.0.7+8-LTS-245"/>
    <property name="user.name" value="vinodkumar"/>
    <property name="stdout.encoding" value="UTF-8"/>
    <property name="path.separator" value=":"/>
    <property name="os.version" value="15.5"/>
    <property name="java.runtime.name" value="Java(TM) SE Runtime Environment"/>
    <property name="file.encoding" value="UTF-8"/>
    <property name="java.vm.name" value="Java HotSpot(TM) 64-Bit Server VM"/>
    <property name="localRepository" value="/Users/vinodkumar/.m2/repository"/>
    <property name="java.vendor.url.bug" value="https://bugreport.java.com/bugreport/"/>
    <property name="java.io.tmpdir" value="/var/folders/lx/l78cfr196ns9z60gv2ktk33c0000gn/T/"/>
    <property name="java.version" value="21.0.7"/>
    <property name="user.dir" value="/Users/vinodkumar/Documents/Technologies/SpringBoot/spring-ai-modules"/>
    <property name="os.arch" value="aarch64"/>
    <property name="java.vm.specification.name" value="Java Virtual Machine Specification"/>
    <property name="native.encoding" value="UTF-8"/>
    <property name="java.library.path" value="/Users/vinodkumar/Library/Java/Extensions:/Library/Java/Extensions:/Network/Library/Java/Extensions:/System/Library/Java/Extensions:/usr/lib/java:."/>
    <property name="java.vm.info" value="mixed mode, sharing"/>
    <property name="stderr.encoding" value="UTF-8"/>
    <property name="java.vendor" value="Oracle Corporation"/>
    <property name="java.vm.version" value="21.0.7+8-LTS-245"/>
    <property name="sun.io.unicode.encoding" value="UnicodeBig"/>
    <property name="socksNonProxyHosts" value="local|*.local|169.254/16|*.169.254/16"/>
    <property name="java.class.version" value="65.0"/>
  </properties>
  <testcase name="shouldAnswerWithTrue" classname="com.codingkiddo.persistence_modules.AppTest" time="0.006"/>
</testsuite>